2000, 3502, 1, 0, 0
4000, 3708, 1, 0, 0
6000, 4115, 1, 0, 0
8000, 4025, 1, 0, 0
10000, 4263, 1, 0, 0
12000, 3732, 1, 0, 0
14000, 3985, 1, 0, 0
16000, 4323, 1, 0, 0
18000, 3560, 1, 0, 0
20000, 4070, 1, 0, 0
22000, 4098, 1, 0, 0
24000, 3532, 1, 0, 0
26000, 4032, 1, 0, 0
28000, 3952, 1, 0, 0
30000, 3921, 1, 0, 0
32000, 3835, 1, 0, 0
34000, 3880, 1, 0, 0
36000, 4040, 1, 0, 0
38000, 3905, 1, 0, 0
40000, 3825, 1, 0, 0
42000, 4258, 1, 0, 0
44000, 3613, 1, 0, 0
46000, 3918, 1, 0, 0
48000, 4167, 1, 0, 0
50000, 4292, 1, 0, 0
52000, 4279, 1, 0, 0
54000, 3947, 1, 0, 0
56000, 4160, 1, 0, 0
58000, 4497, 1, 0, 0
60000, 4012, 1, 0, 0
62000, 4174, 1, 0, 0
64000, 4684, 1, 0, 0
66000, 3966, 1, 0, 0
68000, 4086, 1, 0, 0
70000, 4223, 1, 0, 0
72000, 4255, 1, 0, 0
74000, 4442, 1, 0, 0
76000, 4071, 1, 0, 0
78000, 4183, 1, 0, 0
80000, 4572, 1, 0, 0
82000, 4102, 1, 0, 0
84000, 4059, 1, 0, 0
86000, 4744, 1, 0, 0
88000, 3845, 1, 0, 0
90000, 4196, 1, 0, 0
92000, 4343, 1, 0, 0
94000, 4230, 1, 0, 0
96000, 4590, 1, 0, 0
98000, 3890, 1, 0, 0
100000, 4267, 1, 0, 0
102000, 4798, 1, 0, 0
104000, 3884, 1, 0, 0
106000, 4140, 1, 0, 0
108000, 4238, 1, 0, 0
110000, 4345, 1, 0, 0
112000, 4512, 1, 0, 0
114000, 3968, 1, 0, 0
116000, 4419, 1, 0, 0
118000, 4574, 1, 0, 0
120000, 3794, 1, 0, 0
122000, 4855, 1, 0, 0
124000, 4261, 1, 0, 0
126032, 3870, 1, 0, 0
128000, 4252, 1, 0, 0
130000, 4730, 1, 0, 0
132000, 3812, 1, 0, 0
134000, 4258, 1, 0, 0
136000, 4295, 1, 0, 0
138000, 4312, 1, 0, 0
140000, 4493, 1, 0, 0
142000, 4096, 1, 0, 0
144000, 4428, 1, 0, 0
146000, 4792, 1, 0, 0
148000, 3721, 1, 0, 0
150000, 4325, 1, 0, 0
152000, 4448, 1, 0, 0
154000, 4658, 1, 0, 0
156000, 3905, 1, 0, 0
158000, 4606, 1, 0, 0
160000, 4310, 1, 0, 0
162000, 3996, 1, 0, 0
164000, 4264, 1, 0, 0
166000, 4272, 1, 0, 0
168000, 4426, 1, 0, 0
170000, 4261, 1, 0, 0
172000, 4081, 1, 0, 0
174000, 4478, 1, 0, 0
176000, 4368, 1, 0, 0
178023, 3932, 1, 0, 0
180000, 4264, 1, 0, 0
182000, 4299, 1, 0, 0
184000, 4444, 1, 0, 0
186000, 4051, 1, 0, 0
188000, 4421, 1, 0, 0
190000, 4691, 1, 0, 0
192000, 4059, 1, 0, 0
194000, 4188, 1, 0, 0
196000, 4321, 1, 0, 0
198000, 4310, 1, 0, 0
200000, 4590, 1, 0, 0
202000, 4036, 1, 0, 0
204000, 4311, 1, 0, 0
206000, 4824, 1, 0, 0
208000, 3822, 1, 0, 0
210000, 4333, 1, 0, 0
212000, 4389, 1, 0, 0
214000, 4347, 1, 0, 0
216000, 4620, 1, 0, 0
218000, 4029, 1, 0, 0
220000, 4486, 1, 0, 0
222000, 4623, 1, 0, 0
224000, 3825, 1, 0, 0
226000, 4319, 1, 0, 0
228000, 4315, 1, 0, 0
230000, 4453, 1, 0, 0
232000, 4315, 1, 0, 0
234008, 4268, 1, 0, 0
236000, 4588, 1, 0, 0
238000, 4292, 1, 0, 0
240000, 3984, 1, 0, 0
242000, 4322, 1, 0, 0
244000, 4274, 1, 0, 0
246000, 4383, 1, 0, 0
248000, 4192, 1, 0, 0
250000, 4323, 1, 0, 0
252000, 4550, 1, 0, 0
254000, 4458, 1, 0, 0
256000, 3903, 1, 0, 0
258000, 4640, 1, 0, 0
260000, 4213, 1, 0, 0
262000, 4012, 1, 0, 0
264000, 4334, 1, 0, 0
266000, 4300, 1, 0, 0
268000, 4474, 1, 0, 0
270000, 4358, 1, 0, 0
272000, 4211, 1, 0, 0
274000, 4726, 1, 0, 0
276000, 4083, 1, 0, 0
278000, 4125, 1, 0, 0
280000, 4744, 1, 0, 0
282000, 4035, 1, 0, 0
284000, 4276, 1, 0, 0
286000, 4213, 1, 0, 0
288000, 5045, 1, 0, 0
290016, 10337, 1, 0, 0
292023, 14062, 1, 0, 0
294011, 13956, 1, 0, 0
296000, 4823, 1, 0, 0
298014, 5627, 1, 0, 0
300017, 10247, 1, 0, 0
302000, 13667, 1, 0, 0
304000, 13461, 1, 0, 0
306025, 14030, 1, 0, 0
308000, 5263, 1, 0, 0
310021, 4776, 1, 0, 0
312000, 7915, 1, 0, 0
314000, 12970, 1, 0, 0
316000, 13536, 1, 0, 0
318013, 13568, 1, 0, 0
320000, 6277, 1, 0, 0
322037, 4297, 1, 0, 0
324014, 8011, 1, 0, 0
326023, 10100, 1, 0, 0
328020, 14075, 1, 0, 0
330018, 13654, 1, 0, 0
332000, 7624, 1, 0, 0
334036, 4300, 1, 0, 0
336019, 8054, 1, 0, 0
338014, 8045, 1, 0, 0
340014, 10241, 1, 0, 0
342020, 13491, 1, 0, 0
344021, 13739, 1, 0, 0
346000, 9521, 1, 0, 0
348048, 3786, 1, 0, 0
350010, 8185, 1, 0, 0
352002, 10331, 1, 0, 0
354003, 13315, 1, 0, 0
356014, 14184, 1, 0, 0
358000, 8696, 1, 0, 0
360012, 4032, 1, 0, 0
362000, 8700, 1, 0, 0
364038, 10953, 1, 0, 0
366000, 13671, 1, 0, 0
368000, 14144, 1, 0, 0
370008, 13360, 1, 0, 0
372000, 4504, 1, 0, 0
374000, 5101, 1, 0, 0
376000, 9331, 1, 0, 0
378011, 13579, 1, 0, 0
380047, 14022, 1, 0, 0
382000, 13904, 1, 0, 0
384000, 6280, 1, 0, 0
386018, 4311, 1, 0, 0
388000, 8167, 1, 0, 0
390005, 10641, 1, 0, 0
392000, 8557, 1, 0, 0
394017, 7508, 1, 0, 0
396000, 13495, 1, 0, 0
398000, 13998, 1, 0, 0
400000, 5151, 1, 0, 0
402024, 8874, 1, 0, 0
404000, 8249, 1, 0, 0
406000, 8521, 1, 0, 0
408000, 11975, 1, 0, 0
410007, 14258, 1, 0, 0
412018, 13866, 1, 0, 0
414000, 5547, 1, 0, 0
416016, 5404, 1, 0, 0
418000, 8451, 1, 0, 0
420004, 14181, 1, 0, 0
422016, 13626, 1, 0, 0
424000, 13657, 1, 0, 0
426000, 5844, 1, 0, 0
428000, 5796, 1, 0, 0
430000, 7744, 1, 0, 0
432000, 10340, 1, 0, 0
434000, 13455, 1, 0, 0
436017, 14364, 1, 0, 0
438000, 13902, 1, 0, 0
440000, 8685, 1, 0, 0
442000, 3808, 1, 0, 0
444000, 9164, 1, 0, 0
446014, 11652, 1, 0, 0
448029, 16151, 1, 0, 0
450005, 15585, 1, 0, 0
452000, 8305, 1, 0, 0
454023, 4239, 1, 0, 0
456017, 8460, 1, 0, 0
458000, 8798, 1, 0, 0
460000, 11427, 1, 0, 0
462000, 14657, 1, 0, 0
464044, 15111, 1, 0, 0
466007, 14858, 1, 0, 0
468000, 6474, 1, 0, 0
470000, 4374, 1, 0, 0
472000, 8869, 1, 0, 0
474000, 11027, 1, 0, 0
476000, 14408, 1, 0, 0
478000, 15089, 1, 0, 0
480047, 15068, 1, 0, 0
482000, 3938, 1, 0, 0
484010, 7364, 1, 0, 0
486040, 9187, 1, 0, 0
488000, 8907, 1, 0, 0
490039, 15017, 1, 0, 0
492000, 7483, 1, 0, 0
494005, 10022, 1, 0, 0
496023, 14999, 1, 0, 0
498000, 14106, 1, 0, 0
500016, 13986, 1, 0, 0
502000, 15213, 1, 0, 0
504011, 15196, 1, 0, 0
506000, 7424, 1, 0, 0
508000, 3908, 1, 0, 0
510010, 6832, 1, 0, 0
512009, 9134, 1, 0, 0
514019, 9416, 1, 0, 0
516006, 11519, 1, 0, 0
518000, 14981, 1, 0, 0
520004, 15747, 1, 0, 0
522000, 8531, 1, 0, 0
524000, 4693, 1, 0, 0
526000, 9240, 1, 0, 0
528048, 9433, 1, 0, 0
530039, 9428, 1, 0, 0
532000, 14845, 1, 0, 0
534013, 16042, 1, 0, 0
536002, 15400, 1, 0, 0
538000, 5490, 1, 0, 0
540007, 5487, 1, 0, 0
542006, 14013, 1, 0, 0
544000, 15370, 1, 0, 0
546023, 17189, 1, 0, 0
548007, 15795, 1, 0, 0
550000, 13846, 1, 0, 0
552000, 3877, 1, 0, 0
554048, 6662, 1, 0, 0
556000, 15583, 1, 0, 0
558011, 15514, 1, 0, 0
560011, 16496, 1, 0, 0
562000, 4155, 1, 0, 0
564000, 9804, 1, 0, 0
566000, 10066, 1, 0, 0
568000, 8866, 1, 0, 0
570028, 9707, 1, 0, 0
572000, 9235, 1, 0, 0
574002, 12034, 1, 0, 0
576008, 16606, 1, 0, 0
578043, 16302, 1, 0, 0
580024, 15680, 1, 0, 0
582000, 5922, 1, 0, 0
584019, 5378, 1, 0, 0
586041, 9592, 1, 0, 0
588042, 9621, 1, 0, 0
590022, 12096, 1, 0, 0
592000, 16876, 1, 0, 0
594010, 16924, 1, 0, 0
596025, 16950, 1, 0, 0
598000, 9683, 1, 0, 0
600030, 4034, 1, 0, 0
602003, 9635, 1, 0, 0
604033, 16363, 1, 0, 0
606011, 17164, 1, 0, 0
608042, 17318, 1, 0, 0
610011, 16691, 1, 0, 0
612000, 4165, 1, 0, 0
614000, 9898, 1, 0, 0
616048, 8377, 1, 0, 0
618051, 17162, 1, 0, 0
620028, 16895, 1, 0, 0
622030, 17934, 1, 0, 0
624000, 16571, 1, 0, 0
626000, 3924, 1, 0, 0
628013, 12022, 1, 0, 0
630000, 15993, 1, 0, 0
632000, 7836, 1, 0, 0
634038, 18849, 1, 0, 0
636029, 17775, 1, 0, 0
638000, 17261, 1, 0, 0
640000, 17722, 1, 0, 0
642000, 9847, 1, 0, 0
644000, 3943, 1, 0, 0
646034, 7657, 1, 0, 0
648038, 9716, 1, 0, 0
650000, 10845, 1, 0, 0
652046, 14819, 1, 0, 0
654000, 17499, 1, 0, 0
656049, 17346, 1, 0, 0
658001, 17604, 1, 0, 0
660000, 5943, 1, 0, 0
662024, 18239, 1, 0, 0
664010, 17568, 1, 0, 0
666027, 18263, 1, 0, 0
668018, 18110, 1, 0, 0
670000, 6040, 1, 0, 0
672000, 3933, 1, 0, 0
674039, 11823, 1, 0, 0
676000, 10109, 1, 0, 0
678044, 10209, 1, 0, 0
680000, 17763, 1, 0, 0
682000, 18298, 1, 0, 0
684036, 19785, 1, 0, 0
686004, 18747, 1, 0, 0
688018, 9150, 1, 0, 0
690055, 18689, 1, 0, 0
692021, 18775, 1, 0, 0
694039, 18781, 1, 0, 0
696020, 18730, 1, 0, 0
698000, 7584, 1, 0, 0
700000, 3923, 1, 0, 0
702000, 6506, 1, 0, 0
704000, 10808, 1, 0, 0
706012, 13137, 1, 0, 0
708057, 18724, 1, 0, 0
710042, 18738, 1, 0, 0
712000, 18740, 1, 0, 0
714000, 5224, 1, 0, 0
716043, 7452, 1, 0, 0
718000, 10751, 1, 0, 0
720027, 16087, 1, 0, 0
722012, 7892, 1, 0, 0
724000, 11865, 1, 0, 0
726044, 14678, 1, 0, 0
728000, 19968, 1, 0, 0
730048, 19108, 1, 0, 0
732000, 20170, 1, 0, 0
734000, 10518, 1, 0, 0
736027, 4163, 1, 0, 0
738019, 18818, 1, 0, 0
740004, 7847, 1, 0, 0
742059, 13289, 1, 0, 0
744000, 19126, 1, 0, 0
746056, 20452, 1, 0, 0
748002, 19578, 1, 0, 0
750000, 20362, 1, 0, 0
752062, 16696, 1, 0, 0
754000, 5776, 1, 0, 0
756000, 4610, 1, 0, 0
758000, 10577, 1, 0, 0
760020, 18158, 1, 0, 0
762000, 18797, 1, 0, 0
764055, 20562, 1, 0, 0
766000, 20399, 1, 0, 0
768000, 14084, 1, 0, 0
770000, 3919, 1, 0, 0
772001, 16274, 1, 0, 0
774052, 7808, 1, 0, 0
776000, 13454, 1, 0, 0
778004, 20891, 1, 0, 0
780000, 18812, 1, 0, 0
782000, 7296, 1, 0, 0
784004, 8095, 1, 0, 0
786000, 11218, 1, 0, 0
788000, 11847, 1, 0, 0
790000, 13692, 1, 0, 0
792000, 9973, 1, 0, 0
794048, 10489, 1, 0, 0
796002, 13542, 1, 0, 0
798042, 20768, 1, 0, 0
800000, 8512, 1, 0, 0
802025, 10572, 1, 0, 0
804020, 8424, 1, 0, 0
806000, 12576, 1, 0, 0
808000, 14596, 1, 0, 0
810000, 19701, 1, 0, 0
812000, 10096, 1, 0, 0
814000, 9295, 1, 0, 0
816002, 20288, 1, 0, 0
818000, 19074, 1, 0, 0
820034, 21577, 1, 0, 0
822000, 19855, 1, 0, 0
824067, 20441, 1, 0, 0
826000, 6317, 1, 0, 0
828000, 6495, 1, 0, 0
830000, 18873, 1, 0, 0
832000, 19114, 1, 0, 0
834000, 19791, 1, 0, 0
836022, 20064, 1, 0, 0
838000, 8638, 1, 0, 0
840000, 4380, 1, 0, 0
842000, 18518, 1, 0, 0
844000, 19806, 1, 0, 0
846037, 20493, 1, 0, 0
848053, 19087, 1, 0, 0
850022, 20163, 1, 0, 0
852000, 4784, 1, 0, 0
854003, 5174, 1, 0, 0
856045, 14692, 1, 0, 0
858000, 20456, 1, 0, 0
860000, 21422, 1, 0, 0
862000, 20740, 1, 0, 0
864040, 20086, 1, 0, 0
866052, 20873, 1, 0, 0
868000, 5487, 1, 0, 0
870006, 4986, 1, 0, 0
872054, 13983, 1, 0, 0
874000, 19634, 1, 0, 0
876003, 20150, 1, 0, 0
878002, 19932, 1, 0, 0
880031, 20879, 1, 0, 0
882000, 20890, 1, 0, 0
884000, 8222, 1, 0, 0
886000, 3942, 1, 0, 0
888000, 13234, 1, 0, 0
890022, 14146, 1, 0, 0
892002, 20512, 1, 0, 0
894037, 20457, 1, 0, 0
896014, 20360, 1, 0, 0
898027, 21414, 1, 0, 0
900000, 5466, 1, 0, 0
902014, 6892, 1, 0, 0
904000, 9664, 1, 0, 0
906039, 13998, 1, 0, 0
908022, 10641, 1, 0, 0
910000, 12748, 1, 0, 0
912047, 11685, 1, 0, 0
914035, 14238, 1, 0, 0
916021, 20293, 1, 0, 0
918000, 22806, 1, 0, 0
920012, 22104, 1, 0, 0
922000, 18213, 1, 0, 0
924006, 6230, 1, 0, 0
926039, 20596, 1, 0, 0
928046, 19277, 1, 0, 0
930000, 21176, 1, 0, 0
932010, 20151, 1, 0, 0
934034, 20525, 1, 0, 0
936000, 3944, 1, 0, 0
938045, 6107, 1, 0, 0
940018, 10718, 1, 0, 0
942000, 20112, 1, 0, 0
944000, 20375, 1, 0, 0
946002, 10260, 1, 0, 0
948022, 21488, 1, 0, 0
950063, 22492, 1, 0, 0
952063, 21316, 1, 0, 0
954045, 21287, 1, 0, 0
956066, 20319, 1, 0, 0
958000, 19990, 1, 0, 0
960000, 4926, 1, 0, 0
962008, 20746, 1, 0, 0
964049, 9647, 1, 0, 0
966037, 21833, 1, 0, 0
968000, 11816, 1, 0, 0
970000, 3940, 1, 0, 0
972000, 10640, 1, 0, 0
974000, 11507, 1, 0, 0
976028, 13417, 1, 0, 0
978037, 20764, 1, 0, 0
980033, 21416, 1, 0, 0
982000, 22678, 1, 0, 0
984016, 21180, 1, 0, 0
986000, 21611, 1, 0, 0
988012, 22607, 1, 0, 0
990019, 20266, 1, 0, 0
992000, 9726, 1, 0, 0
994000, 3965, 1, 0, 0
996055, 7172, 1, 0, 0
998057, 14204, 1, 0, 0
1000005, 10863, 1, 0, 0
1002000, 10834, 1, 0, 0
1004009, 14864, 1, 0, 0
1006000, 12689, 1, 0, 0
1008003, 21572, 1, 0, 0
1010000, 9794, 1, 0, 0
1012000, 9593, 1, 0, 0
1014000, 12069, 1, 0, 0
1016000, 11988, 1, 0, 0
1018043, 15607, 1, 0, 0
1020000, 10859, 1, 0, 0
1022074, 12206, 1, 0, 0
1024000, 23482, 1, 0, 0
1026000, 25303, 1, 0, 0
1028059, 25182, 1, 0, 0
1030000, 24070, 1, 0, 0
1032068, 24412, 1, 0, 0
1034005, 24809, 1, 0, 0
1036000, 5175, 1, 0, 0
1038000, 5208, 1, 0, 0
1040000, 11394, 1, 0, 0
1042025, 23537, 1, 0, 0
1044033, 23287, 1, 0, 0
1046011, 24783, 1, 0, 0
1048039, 22807, 1, 0, 0
1050065, 23012, 1, 0, 0
1052000, 7672, 1, 0, 0
1054000, 4686, 1, 0, 0
1056000, 11765, 1, 0, 0
1058000, 14403, 1, 0, 0
1060000, 21956, 1, 0, 0
1062000, 22016, 1, 0, 0
1064027, 22474, 1, 0, 0
1066016, 22586, 1, 0, 0
1068063, 22091, 1, 0, 0
1070002, 21701, 1, 0, 0
1072000, 4136, 1, 0, 0
1074000, 7141, 1, 0, 0
1076050, 13451, 1, 0, 0
1078006, 22355, 1, 0, 0
1080011, 22330, 1, 0, 0
1082058, 21897, 1, 0, 0
1084058, 22404, 1, 0, 0
1086001, 21255, 1, 0, 0
1088013, 6585, 1, 0, 0
1090000, 18215, 1, 0, 0
1092054, 4915, 1, 0, 0
1094000, 13473, 1, 0, 0
1096030, 11740, 1, 0, 0
1098005, 22950, 1, 0, 0
1100053, 21621, 1, 0, 0
1102042, 22831, 1, 0, 0
1104031, 21639, 1, 0, 0
1106042, 23763, 1, 0, 0
1108019, 21707, 1, 0, 0
1110036, 22565, 1, 0, 0
1112000, 22056, 1, 0, 0
1114000, 10195, 1, 0, 0
1116000, 3987, 1, 0, 0
1118040, 7503, 1, 0, 0
1120000, 22448, 1, 0, 0
1122000, 11413, 1, 0, 0
1124000, 10759, 1, 0, 0
1126053, 22479, 1, 0, 0
1128021, 24378, 1, 0, 0
1130056, 18726, 1, 0, 0
1132052, 24692, 1, 0, 0
1134036, 22068, 1, 0, 0
1136000, 23378, 1, 0, 0
1138076, 22136, 1, 0, 0
1140002, 23657, 1, 0, 0
1142000, 14264, 1, 0, 0
1144000, 3953, 1, 0, 0
1146000, 5547, 1, 0, 0
1148000, 21481, 1, 0, 0
1150000, 22447, 1, 0, 0
1152000, 7128, 1, 0, 0
1154000, 11905, 1, 0, 0
1156000, 11702, 1, 0, 0
1158034, 14948, 1, 0, 0
1160022, 12065, 1, 0, 0
1162026, 23175, 1, 0, 0
1164014, 21667, 1, 0, 0
1166032, 23432, 1, 0, 0
1168045, 21916, 1, 0, 0
1170026, 24351, 1, 0, 0
1172000, 4986, 1, 0, 0
1174019, 7430, 1, 0, 0
1176045, 21986, 1, 0, 0
1178005, 9133, 1, 0, 0
1180000, 22272, 1, 0, 0
1182070, 24280, 1, 0, 0
1184000, 22616, 1, 0, 0
1186021, 21813, 1, 0, 0
1188015, 24391, 1, 0, 0
1190054, 22277, 1, 0, 0
1192000, 5670, 1, 0, 0
1194000, 6001, 1, 0, 0
1196063, 11504, 1, 0, 0
1198062, 22707, 1, 0, 0
1200030, 23511, 1, 0, 0
