2000, 4660, 1, 0, 0
4000, 4107, 1, 0, 0
6000, 4379, 1, 0, 0
8000, 4152, 1, 0, 0
10000, 4361, 1, 0, 0
12000, 3886, 1, 0, 0
14000, 4067, 1, 0, 0
16000, 4502, 1, 0, 0
18000, 3669, 1, 0, 0
20000, 4269, 1, 0, 0
22000, 4039, 1, 0, 0
24000, 3745, 1, 0, 0
26000, 4025, 1, 0, 0
28000, 4009, 1, 0, 0
30000, 4151, 1, 0, 0
32000, 3903, 1, 0, 0
34000, 4065, 1, 0, 0
36000, 4216, 1, 0, 0
38000, 3785, 1, 0, 0
40000, 4081, 1, 0, 0
42000, 4343, 1, 0, 0
44000, 3675, 1, 0, 0
46000, 4291, 1, 0, 0
48000, 4539, 1, 0, 0
50000, 3774, 1, 0, 0
52000, 4201, 1, 0, 0
54000, 4234, 1, 0, 0
56000, 4287, 1, 0, 0
58000, 4238, 1, 0, 0
60000, 4108, 1, 0, 0
62000, 4376, 1, 0, 0
64000, 4398, 1, 0, 0
66000, 3937, 1, 0, 0
68000, 4515, 1, 0, 0
70000, 3948, 1, 0, 0
72000, 4173, 1, 0, 0
74000, 4266, 1, 0, 0
76000, 4220, 1, 0, 0
78000, 4311, 1, 0, 0
80000, 4057, 1, 0, 0
82000, 4175, 1, 0, 0
84000, 4626, 1, 0, 0
86000, 4261, 1, 0, 0
88000, 4363, 1, 0, 0
90000, 3959, 1, 0, 0
92000, 4688, 1, 0, 0
94000, 3929, 1, 0, 0
96011, 4216, 1, 0, 0
98000, 4235, 1, 0, 0
100000, 4729, 1, 0, 0
102000, 3874, 1, 0, 0
104000, 4194, 1, 0, 0
106000, 4326, 1, 0, 0
108000, 4573, 1, 0, 0
110000, 3914, 1, 0, 0
112000, 4238, 1, 0, 0
114000, 4626, 1, 0, 0
116000, 3917, 1, 0, 0
118000, 4216, 1, 0, 0
120000, 4795, 1, 0, 0
122000, 3813, 1, 0, 0
124000, 4234, 1, 0, 0
126000, 4301, 1, 0, 0
128000, 4246, 1, 0, 0
130000, 4668, 1, 0, 0
132000, 4196, 1, 0, 0
134024, 3957, 1, 0, 0
136000, 4109, 1, 0, 0
138000, 4322, 1, 0, 0
140000, 4470, 1, 0, 0
142000, 4372, 1, 0, 0
144000, 3915, 1, 0, 0
146000, 4783, 1, 0, 0
148000, 4358, 1, 0, 0
150000, 3834, 1, 0, 0
152000, 4212, 1, 0, 0
154000, 4200, 1, 0, 0
156000, 4326, 1, 0, 0
158000, 4153, 1, 0, 0
160000, 4265, 1, 0, 0
162000, 4544, 1, 0, 0
164000, 4031, 1, 0, 0
166000, 4244, 1, 0, 0
168000, 4704, 1, 0, 0
170000, 4146, 1, 0, 0
172000, 4661, 1, 0, 0
174000, 4131, 1, 0, 0
176000, 3906, 1, 0, 0
178000, 4288, 1, 0, 0
180000, 4692, 1, 0, 0
182000, 3768, 1, 0, 0
184000, 4517, 1, 0, 0
186000, 4401, 1, 0, 0
188000, 3963, 1, 0, 0
190000, 4323, 1, 0, 0
192000, 4290, 1, 0, 0
194000, 4342, 1, 0, 0
196000, 4241, 1, 0, 0
198000, 4254, 1, 0, 0
200000, 4541, 1, 0, 0
202000, 4151, 1, 0, 0
204000, 4082, 1, 0, 0
206000, 4271, 1, 0, 0
208000, 4250, 1, 0, 0
210000, 4439, 1, 0, 0
212000, 4052, 1, 0, 0
214000, 4284, 1, 0, 0
216000, 4623, 1, 0, 0
218000, 4094, 1, 0, 0
220000, 4227, 1, 0, 0
222000, 4746, 1, 0, 0
224000, 3979, 1, 0, 0
226000, 4285, 1, 0, 0
228000, 4294, 1, 0, 0
230000, 4285, 1, 0, 0
232000, 4539, 1, 0, 0
234000, 4115, 1, 0, 0
236000, 4749, 1, 0, 0
238000, 4078, 1, 0, 0
240000, 3965, 1, 0, 0
242000, 4428, 1, 0, 0
244000, 4661, 1, 0, 0
246000, 3895, 1, 0, 0
248000, 4520, 1, 0, 0
250000, 4532, 1, 0, 0
252000, 3889, 1, 0, 0
254000, 4303, 1, 0, 0
256000, 4243, 1, 0, 0
258000, 4414, 1, 0, 0
260000, 4282, 1, 0, 0
262000, 4115, 1, 0, 0
264000, 4532, 1, 0, 0
266000, 4331, 1, 0, 0
268000, 4019, 1, 0, 0
270000, 4290, 1, 0, 0
272000, 4303, 1, 0, 0
274000, 4451, 1, 0, 0
276000, 4115, 1, 0, 0
278000, 4196, 1, 0, 0
280000, 4504, 1, 0, 0
282000, 4329, 1, 0, 0
284000, 3977, 1, 0, 0
286000, 4554, 1, 0, 0
288000, 4095, 1, 0, 0
290000, 4138, 1, 0, 0
292000, 4331, 1, 0, 0
294000, 4324, 1, 0, 0
296000, 4581, 1, 0, 0
298000, 4044, 1, 0, 0
300000, 4406, 1, 0, 0
302000, 4727, 1, 0, 0
304000, 3917, 1, 0, 0
306000, 4324, 1, 0, 0
308000, 4333, 1, 0, 0
310000, 4290, 1, 0, 0
312000, 4537, 1, 0, 0
314000, 4094, 1, 0, 0
316000, 5218, 1, 0, 0
318000, 5272, 1, 0, 0
320000, 5253, 1, 0, 0
322000, 4571, 1, 0, 0
324000, 5061, 1, 0, 0
326000, 5092, 1, 0, 0
328000, 5301, 1, 0, 0
330000, 5208, 1, 0, 0
332000, 4548, 1, 0, 0
334000, 4913, 1, 0, 0
336000, 4758, 1, 0, 0
338000, 4701, 1, 0, 0
340000, 4237, 1, 0, 0
342000, 4558, 1, 0, 0
344000, 4887, 1, 0, 0
346000, 4438, 1, 0, 0
348000, 4981, 1, 0, 0
350000, 5030, 1, 0, 0
352000, 4991, 1, 0, 0
354000, 5174, 1, 0, 0
356000, 5206, 1, 0, 0
358000, 4647, 1, 0, 0
360000, 5097, 1, 0, 0
362000, 5031, 1, 0, 0
364000, 5327, 1, 0, 0
366000, 4965, 1, 0, 0
368000, 4849, 1, 0, 0
370000, 5227, 1, 0, 0
372000, 4846, 1, 0, 0
374000, 5080, 1, 0, 0
376000, 4881, 1, 0, 0
378000, 5088, 1, 0, 0
380000, 5289, 1, 0, 0
382000, 5081, 1, 0, 0
384000, 4807, 1, 0, 0
386000, 5008, 1, 0, 0
388000, 5125, 1, 0, 0
390000, 5336, 1, 0, 0
392000, 5137, 1, 0, 0
394000, 4875, 1, 0, 0
396000, 4996, 1, 0, 0
398000, 5193, 1, 0, 0
400000, 5199, 1, 0, 0
402000, 5215, 1, 0, 0
404000, 4784, 1, 0, 0
406000, 5059, 1, 0, 0
408000, 5139, 1, 0, 0
410000, 5231, 1, 0, 0
412000, 5212, 1, 0, 0
414000, 4834, 1, 0, 0
416000, 5315, 1, 0, 0
418000, 5303, 1, 0, 0
420000, 5291, 1, 0, 0
422000, 4827, 1, 0, 0
424000, 4902, 1, 0, 0
426000, 5178, 1, 0, 0
428000, 5290, 1, 0, 0
430000, 5042, 1, 0, 0
432000, 4910, 1, 0, 0
434000, 5101, 1, 0, 0
436000, 5168, 1, 0, 0
438000, 5219, 1, 0, 0
440000, 5289, 1, 0, 0
442000, 4500, 1, 0, 0
444000, 5012, 1, 0, 0
446000, 5238, 1, 0, 0
448000, 5216, 1, 0, 0
450000, 4484, 1, 0, 0
452000, 5139, 1, 0, 0
454000, 5377, 1, 0, 0
456031, 5341, 1, 0, 0
458000, 4818, 1, 0, 0
460000, 5148, 1, 0, 0
462000, 5194, 1, 0, 0
464000, 5256, 1, 0, 0
466000, 5230, 1, 0, 0
468000, 5040, 1, 0, 0
470000, 5110, 1, 0, 0
472000, 5131, 1, 0, 0
474000, 5199, 1, 0, 0
476000, 5350, 1, 0, 0
478000, 5297, 1, 0, 0
480000, 5352, 1, 0, 0
482000, 5273, 1, 0, 0
484000, 5308, 1, 0, 0
486000, 5209, 1, 0, 0
488000, 4578, 1, 0, 0
490000, 5286, 1, 0, 0
492000, 5375, 1, 0, 0
494000, 5297, 1, 0, 0
496000, 5348, 1, 0, 0
498006, 5073, 1, 0, 0
500000, 5204, 1, 0, 0
502000, 5289, 1, 0, 0
504000, 5421, 1, 0, 0
506000, 5164, 1, 0, 0
508000, 5247, 1, 0, 0
510000, 5314, 1, 0, 0
512000, 5369, 1, 0, 0
514000, 5316, 1, 0, 0
516000, 5313, 1, 0, 0
518000, 4527, 1, 0, 0
520000, 4818, 1, 0, 0
522000, 4807, 1, 0, 0
524000, 5379, 1, 0, 0
526000, 5124, 1, 0, 0
528000, 5388, 1, 0, 0
530000, 5348, 1, 0, 0
532000, 5365, 1, 0, 0
534000, 5184, 1, 0, 0
536000, 5100, 1, 0, 0
538000, 5387, 1, 0, 0
540000, 5366, 1, 0, 0
542000, 5315, 1, 0, 0
544000, 5222, 1, 0, 0
546013, 5352, 1, 0, 0
548000, 5214, 1, 0, 0
550000, 5370, 1, 0, 0
552000, 5389, 1, 0, 0
554000, 5299, 1, 0, 0
556016, 5413, 1, 0, 0
558000, 5353, 1, 0, 0
560000, 5347, 1, 0, 0
562000, 5294, 1, 0, 0
564000, 5334, 1, 0, 0
566000, 5372, 1, 0, 0
568000, 5302, 1, 0, 0
570000, 5462, 1, 0, 0
572000, 5416, 1, 0, 0
574000, 5403, 1, 0, 0
576000, 5120, 1, 0, 0
578000, 5471, 1, 0, 0
580000, 5429, 1, 0, 0
582000, 5411, 1, 0, 0
584000, 5468, 1, 0, 0
586000, 5415, 1, 0, 0
588000, 5463, 1, 0, 0
590000, 5401, 1, 0, 0
592000, 5378, 1, 0, 0
594000, 5428, 1, 0, 0
596000, 5374, 1, 0, 0
598000, 5379, 1, 0, 0
600000, 5451, 1, 0, 0
602000, 5408, 1, 0, 0
604000, 5218, 1, 0, 0
606000, 5445, 1, 0, 0
608000, 5387, 1, 0, 0
610000, 5406, 1, 0, 0
612000, 5403, 1, 0, 0
614000, 5272, 1, 0, 0
616000, 4721, 1, 0, 0
618000, 4754, 1, 0, 0
620000, 4703, 1, 0, 0
622002, 4935, 1, 0, 0
624000, 4717, 1, 0, 0
626000, 4529, 1, 0, 0
628000, 4659, 1, 0, 0
630000, 4617, 1, 0, 0
632000, 4661, 1, 0, 0
634000, 4676, 1, 0, 0
636000, 4765, 1, 0, 0
638000, 4897, 1, 0, 0
640000, 5389, 1, 0, 0
642000, 5472, 1, 0, 0
644000, 5410, 1, 0, 0
646047, 5562, 1, 0, 0
648000, 5218, 1, 0, 0
650000, 5414, 1, 0, 0
652000, 5487, 1, 0, 0
654000, 5436, 1, 0, 0
656000, 5217, 1, 0, 0
658000, 5190, 1, 0, 0
660000, 5401, 1, 0, 0
662000, 5417, 1, 0, 0
664000, 5408, 1, 0, 0
666000, 5435, 1, 0, 0
668000, 5437, 1, 0, 0
670000, 5454, 1, 0, 0
672000, 5380, 1, 0, 0
674000, 5351, 1, 0, 0
676000, 5398, 1, 0, 0
678004, 5585, 1, 0, 0
680000, 5335, 1, 0, 0
682000, 5448, 1, 0, 0
684000, 5387, 1, 0, 0
686000, 5561, 1, 0, 0
688000, 5182, 1, 0, 0
690000, 5428, 1, 0, 0
692000, 5114, 1, 0, 0
694000, 5421, 1, 0, 0
696000, 5359, 1, 0, 0
698000, 5358, 1, 0, 0
700000, 5553, 1, 0, 0
702000, 6165, 1, 0, 0
704000, 6136, 1, 0, 0
706000, 6180, 1, 0, 0
708000, 6235, 1, 0, 0
710000, 6048, 1, 0, 0
712004, 6072, 1, 0, 0
714000, 5806, 1, 0, 0
716000, 5776, 1, 0, 0
718000, 5856, 1, 0, 0
720000, 5674, 1, 0, 0
722000, 5587, 1, 0, 0
724000, 6025, 1, 0, 0
726000, 5733, 1, 0, 0
728000, 5791, 1, 0, 0
730000, 6137, 1, 0, 0
732000, 6182, 1, 0, 0
734000, 6025, 1, 0, 0
736004, 6212, 1, 0, 0
738000, 6050, 1, 0, 0
740000, 5874, 1, 0, 0
742000, 5730, 1, 0, 0
744000, 5837, 1, 0, 0
746000, 5802, 1, 0, 0
748000, 5797, 1, 0, 0
750000, 6135, 1, 0, 0
752000, 6100, 1, 0, 0
754000, 6161, 1, 0, 0
756000, 6171, 1, 0, 0
758009, 6257, 1, 0, 0
760000, 5948, 1, 0, 0
762000, 5773, 1, 0, 0
764000, 5748, 1, 0, 0
766004, 6045, 1, 0, 0
768000, 6025, 1, 0, 0
770000, 5891, 1, 0, 0
772000, 5756, 1, 0, 0
774000, 6167, 1, 0, 0
776000, 6156, 1, 0, 0
778000, 6195, 1, 0, 0
780000, 6203, 1, 0, 0
782000, 6238, 1, 0, 0
784000, 6030, 1, 0, 0
786000, 5830, 1, 0, 0
788011, 6065, 1, 0, 0
790000, 5638, 1, 0, 0
792000, 6234, 1, 0, 0
794000, 5932, 1, 0, 0
796023, 6317, 1, 0, 0
798000, 14235, 1, 0, 0
800000, 5419, 1, 0, 0
802000, 5362, 1, 0, 0
804000, 5493, 1, 0, 0
806000, 5425, 1, 0, 0
808000, 5454, 1, 0, 0
810000, 5371, 1, 0, 0
812000, 5369, 1, 0, 0
814000, 5312, 1, 0, 0
816008, 5453, 1, 0, 0
818000, 7135, 1, 0, 0
820000, 6958, 1, 0, 0
822008, 12473, 1, 0, 0
824000, 8412, 1, 0, 0
826020, 5512, 1, 0, 0
828000, 5333, 1, 0, 0
830000, 5475, 1, 0, 0
832000, 5436, 1, 0, 0
834000, 5327, 1, 0, 0
836000, 5167, 1, 0, 0
838000, 5363, 1, 0, 0
840000, 5240, 1, 0, 0
842000, 6220, 1, 0, 0
844000, 6753, 1, 0, 0
846000, 6666, 1, 0, 0
848000, 6044, 1, 0, 0
850000, 6057, 1, 0, 0
852000, 5612, 1, 0, 0
854004, 6622, 1, 0, 0
856004, 6771, 1, 0, 0
858000, 6148, 1, 0, 0
860000, 5887, 1, 0, 0
862000, 6267, 1, 0, 0
864000, 6254, 1, 0, 0
866000, 5660, 1, 0, 0
868000, 5997, 1, 0, 0
870000, 5942, 1, 0, 0
872000, 5843, 1, 0, 0
874000, 6169, 1, 0, 0
876000, 6240, 1, 0, 0
878008, 6174, 1, 0, 0
880000, 6188, 1, 0, 0
882000, 6440, 1, 0, 0
884004, 5923, 1, 0, 0
886000, 5920, 1, 0, 0
888000, 5879, 1, 0, 0
890000, 6045, 1, 0, 0
892000, 5978, 1, 0, 0
894000, 6111, 1, 0, 0
896000, 5721, 1, 0, 0
898000, 6441, 1, 0, 0
900000, 6124, 1, 0, 0
902004, 6371, 1, 0, 0
904000, 6235, 1, 0, 0
906018, 6412, 1, 0, 0
908000, 5934, 1, 0, 0
910000, 5817, 1, 0, 0
912004, 5947, 1, 0, 0
914000, 5818, 1, 0, 0
916000, 4754, 1, 0, 0
918000, 4704, 1, 0, 0
920020, 4771, 1, 0, 0
922000, 4676, 1, 0, 0
924000, 4923, 1, 0, 0
926000, 5081, 1, 0, 0
928000, 4980, 1, 0, 0
930000, 5018, 1, 0, 0
932000, 4842, 1, 0, 0
934000, 5015, 1, 0, 0
936000, 5403, 1, 0, 0
938000, 5413, 1, 0, 0
940000, 5491, 1, 0, 0
942000, 5608, 1, 0, 0
944000, 5217, 1, 0, 0
946000, 5113, 1, 0, 0
948000, 5271, 1, 0, 0
950000, 5346, 1, 0, 0
952009, 5459, 1, 0, 0
954000, 5291, 1, 0, 0
956000, 5455, 1, 0, 0
958008, 5619, 1, 0, 0
960000, 6779, 1, 0, 0
962000, 6847, 1, 0, 0
964000, 6777, 1, 0, 0
966000, 6450, 1, 0, 0
968024, 6511, 1, 0, 0
970000, 6165, 1, 0, 0
972000, 6502, 1, 0, 0
974000, 6064, 1, 0, 0
976000, 6081, 1, 0, 0
978000, 6133, 1, 0, 0
980000, 6122, 1, 0, 0
982000, 6186, 1, 0, 0
984000, 6107, 1, 0, 0
986000, 6148, 1, 0, 0
988002, 6274, 1, 0, 0
990002, 6854, 1, 0, 0
992000, 6848, 1, 0, 0
994000, 6234, 1, 0, 0
996000, 6821, 1, 0, 0
998000, 5722, 1, 0, 0
1000000, 5183, 1, 0, 0
1002000, 5211, 1, 0, 0
1004000, 4875, 1, 0, 0
1006000, 4859, 1, 0, 0
1008000, 4913, 1, 0, 0
1010000, 5213, 1, 0, 0
1012000, 5423, 1, 0, 0
1014000, 5550, 1, 0, 0
1016000, 5441, 1, 0, 0
1018031, 5595, 1, 0, 0
1020000, 5392, 1, 0, 0
1022000, 5475, 1, 0, 0
1024000, 6714, 1, 0, 0
1026003, 4751, 1, 0, 0
1028000, 5323, 1, 0, 0
1030000, 5324, 1, 0, 0
1032000, 5445, 1, 0, 0
1034000, 5411, 1, 0, 0
1036002, 6000, 1, 0, 0
1038000, 6498, 1, 0, 0
1040000, 5368, 1, 0, 0
1042000, 4821, 1, 0, 0
1044000, 4729, 1, 0, 0
1046000, 4612, 1, 0, 0
1048000, 4789, 1, 0, 0
1050000, 4702, 1, 0, 0
1052000, 4846, 1, 0, 0
1054000, 4822, 1, 0, 0
1056000, 4900, 1, 0, 0
1058000, 4677, 1, 0, 0
1060000, 4687, 1, 0, 0
1062002, 4873, 1, 0, 0
1064000, 4897, 1, 0, 0
1066000, 4860, 1, 0, 0
1068000, 4950, 1, 0, 0
1070000, 4696, 1, 0, 0
1072000, 4628, 1, 0, 0
1074000, 4786, 1, 0, 0
1076000, 4830, 1, 0, 0
1078000, 4779, 1, 0, 0
1080000, 4977, 1, 0, 0
1082000, 5242, 1, 0, 0
1084000, 5482, 1, 0, 0
1086020, 5784, 1, 0, 0
1088000, 5385, 1, 0, 0
1090000, 5574, 1, 0, 0
1092000, 5050, 1, 0, 0
1094000, 5275, 1, 0, 0
1096000, 5333, 1, 0, 0
1098000, 5319, 1, 0, 0
1100000, 5553, 1, 0, 0
1102000, 5486, 1, 0, 0
1104000, 5414, 1, 0, 0
1106000, 5405, 1, 0, 0
1108000, 5422, 1, 0, 0
1110000, 5399, 1, 0, 0
1112000, 6105, 1, 0, 0
1114000, 6704, 1, 0, 0
1116000, 7003, 1, 0, 0
1118007, 7199, 1, 0, 0
1120000, 8970, 1, 0, 0
1122000, 5431, 1, 0, 0
1124000, 5939, 1, 0, 0
1126000, 6664, 1, 0, 0
1128000, 6127, 1, 0, 0
1130000, 6567, 1, 0, 0
1132000, 6313, 1, 0, 0
1134000, 6637, 1, 0, 0
1136004, 6347, 1, 0, 0
1138000, 6665, 1, 0, 0
1140000, 6347, 1, 0, 0
1142000, 6486, 1, 0, 0
1144000, 6030, 1, 0, 0
1146000, 6198, 1, 0, 0
1148000, 6107, 1, 0, 0
1150000, 6361, 1, 0, 0
1152000, 6232, 1, 0, 0
1154000, 6299, 1, 0, 0
1156000, 6697, 1, 0, 0
1158000, 6465, 1, 0, 0
1160000, 6505, 1, 0, 0
1162006, 6576, 1, 0, 0
1164000, 6452, 1, 0, 0
1166000, 6182, 1, 0, 0
1168051, 6520, 1, 0, 0
1170000, 6126, 1, 0, 0
1172000, 6241, 1, 0, 0
1174000, 6207, 1, 0, 0
1176007, 6234, 1, 0, 0
1178000, 6929, 1, 0, 0
1180000, 6629, 1, 0, 0
1182000, 6460, 1, 0, 0
1184000, 6403, 1, 0, 0
1186000, 6414, 1, 0, 0
1188000, 6279, 1, 0, 0
1190000, 6273, 1, 0, 0
1192000, 6102, 1, 0, 0
1194000, 6232, 1, 0, 0
1196000, 6106, 1, 0, 0
1198025, 6376, 1, 0, 0
1200000, 6578, 1, 0, 0
